Log file open, 11/15/18 08:45:21
LogInit:Display: Running engine for game: Action_chests
LogPlatformFile: Not using cached read wrapper
LogInit:Display: RandInit(-1041966958) SRandInit(-1041966958).
LogTaskGraph: Started task graph with 5 named threads and 8 total threads with 1 sets of task threads.
LogStats: Stats thread started at 0.100455
LogInit: Using libcurl 7.47.1
LogInit:  - built for x86_64-pc-win32
LogInit:  - supports SSL with OpenSSL/1.0.2g
LogInit:  - supports HTTP deflate (compression) using libz 1.2.8
LogInit:  - other features:
LogInit:      CURL_VERSION_SSL
LogInit:      CURL_VERSION_LIBZ
LogInit:      CURL_VERSION_IPV6
LogInit:      CURL_VERSION_ASYNCHDNS
LogInit:      CURL_VERSION_LARGEFILE
LogInit:      CURL_VERSION_IDN
LogInit:  CurlRequestOptions (configurable via config and command line):
LogInit:  - bVerifyPeer = false  - Libcurl will NOT verify peer certificate
LogInit:  - bUseHttpProxy = false  - Libcurl will NOT use HTTP proxy
LogInit:  - bDontReuseConnections = false  - Libcurl will reuse connections
LogInit:  - CertBundlePath = nullptr  - Libcurl will use whatever was configured at build time.
LogInit: Build: ++UE4+Release-4.16-CL-3561208
LogInit: Engine Version: 4.16.3-3561208+++UE4+Release-4.16
LogInit: Compatible Engine Version: 4.16.0-3452394+++UE4+Release-4.16
LogInit: Net CL: 3452394
LogDevObjectVersion: Number of dev versions registered: 16
LogDevObjectVersion:   Dev-Blueprints (B0D832E4-1F89-4F0D-ACCF-7EB736FD4AA2): 9
LogDevObjectVersion:   Dev-Build (E1C64328-A22C-4D53-A36C-8E866417BD8C): 0
LogDevObjectVersion:   Dev-Core (375EC13C-06E4-48FB-B500-84F0262A717E): 2
LogDevObjectVersion:   Dev-Editor (E4B068ED-F494-42E9-A231-DA0B2E46BB41): 17
LogDevObjectVersion:   Dev-Framework (CFFC743F-43B0-4480-9391-14DF171D2073): 23
LogDevObjectVersion:   Dev-Mobile (B02B49B5-BB20-44E9-A304-32B752E40360): 0
LogDevObjectVersion:   Dev-Networking (A4E4105C-59A1-49B5-A7C5-40C4547EDFEE): 0
LogDevObjectVersion:   Dev-Online (39C831C9-5AE6-47DC-9A44-9C173E1C8E7C): 0
LogDevObjectVersion:   Dev-Physics (78F01B33-EBEA-4F98-B9B4-84EACCB95AA2): 0
LogDevObjectVersion:   Dev-Platform (6631380F-2D4D-43E0-8009-CF276956A95A): 0
LogDevObjectVersion:   Dev-Rendering (12F88B9F-8875-4AFC-A67C-D90C383ABD29): 15
LogDevObjectVersion:   Dev-Sequencer (7B5AE74C-D270-4C10-A958-57980B212A5A): 4
LogDevObjectVersion:   Dev-VR (D7296918-1DD6-4BDD-9DE2-64A83CC13884): 0
LogDevObjectVersion:   Dev-LoadTimes (C2A15278-BFE7-4AFE-6C17-90FF531DF755): 1
LogDevObjectVersion:   Private-Geometry (6EACA3D4-40EC-4CC1-B786-8BED09428FC5): 1
LogDevObjectVersion:   Dev-AnimPhys (29E575DD-E0A3-4627-9D10-D276232CDCEA): 3
LogInit: Compiled (64-bit): Jul 28 2017 11:49:47
LogInit: Compiled with Visual C++: 19.00.24215.01
LogInit: Build Configuration: Development
LogInit: Branch Name: ++UE4+Release-4.16
LogInit: Command line:  
LogInit: Base directory: D:/Programs/Epic Games/UE_4.16/Engine/Binaries/Win64/
LogInit: Installed Engine Build: 1
LogInit: Presizing for max 8388607 objects, including 0 objects not considered by GC, pre-allocating 0 bytes for permanent pool.
LogInit: Object subsystem initialized
[2018.11.15-07.45.21:769][  0]LogInit: Selected Device Profile: [Windows]
[2018.11.15-07.45.21:769][  0]LogInit: Applying CVar settings loaded from the selected device profile: [Windows]
[2018.11.15-07.45.21:827][  0]LogInit: Computer: PAYSAGEDÉSOLÉ
[2018.11.15-07.45.21:827][  0]LogInit: User: Paysagedésolé
[2018.11.15-07.45.21:827][  0]LogInit: CPU Page size=4096, Cores=4
[2018.11.15-07.45.21:827][  0]LogInit: High frequency timer resolution =2.531253 MHz
[2018.11.15-07.45.21:827][  0]LogMemory: Memory total: Physical=7.9GB (8GB approx)
[2018.11.15-07.45.21:827][  0]LogMemory: Platform Memory Stats for Windows
[2018.11.15-07.45.21:827][  0]LogMemory: Process Physical Memory: 273.43 MB used, 273.43 MB peak
[2018.11.15-07.45.21:827][  0]LogMemory: Process Virtual Memory: 260.94 MB used, 260.94 MB peak
[2018.11.15-07.45.21:827][  0]LogMemory: Physical Memory: 5245.77 MB used,  2836.01 MB free, 8081.78 MB total
[2018.11.15-07.45.21:827][  0]LogMemory: Virtual Memory: 4774.18 MB used,  2836.01 MB free, 134217728.00 MB total
[2018.11.15-07.45.22:276][  0]LogInit: Using OS detected language (fr-FR).
[2018.11.15-07.45.22:276][  0]LogInit: Using OS detected locale (fr-FR).
[2018.11.15-07.45.22:808][  0]LogTextLocalizationManager: No localization for 'fr-FR' exists, so 'en' will be used for the language.
[2018.11.15-07.45.22:808][  0]LogTextLocalizationManager: No localization for 'fr-FR' exists, so 'en' will be used for the locale.
[2018.11.15-07.45.31:123][  0]LogD3D11RHI: D3D11 adapters:
[2018.11.15-07.45.31:208][  0]LogD3D11RHI:    0. 'NVIDIA GeForce GTX 960M' (Feature Level 11_0)
[2018.11.15-07.45.31:208][  0]LogD3D11RHI:       2007/0/4040 MB DedicatedVideo/DedicatedSystem/SharedSystem, Outputs:2, VendorId:0x10de
[2018.11.15-07.45.31:217][  0]LogD3D11RHI:    1. 'Intel(R) HD Graphics 530' (Feature Level 11_0)
[2018.11.15-07.45.31:217][  0]LogD3D11RHI:       128/0/4040 MB DedicatedVideo/DedicatedSystem/SharedSystem, Outputs:0, VendorId:0x8086
[2018.11.15-07.45.31:222][  0]LogD3D11RHI:    2. 'Microsoft Basic Render Driver' (Feature Level 11_0)
[2018.11.15-07.45.31:222][  0]LogD3D11RHI:       0/0/4040 MB DedicatedVideo/DedicatedSystem/SharedSystem, Outputs:0, VendorId:0x1414
[2018.11.15-07.45.31:222][  0]LogD3D11RHI: Chosen D3D11 Adapter: 0
[2018.11.15-07.45.31:242][  0]LogD3D11RHI: Creating new Direct3DDevice
[2018.11.15-07.45.31:243][  0]LogD3D11RHI:     GPU DeviceId: 0x139b (for the marketing name, search the web for "GPU Device Id")
[2018.11.15-07.45.31:243][  0]LogWindows: EnumDisplayDevices:
[2018.11.15-07.45.31:244][  0]LogWindows:    0. 'Intel(R) HD Graphics 530' (P:1 D:1)
[2018.11.15-07.45.31:244][  0]LogWindows:    1. 'Intel(R) HD Graphics 530' (P:0 D:0)
[2018.11.15-07.45.31:244][  0]LogWindows:    2. 'Intel(R) HD Graphics 530' (P:0 D:0)
[2018.11.15-07.45.31:244][  0]LogWindows:    3. 'NVIDIA GeForce GTX 960M' (P:0 D:1)
[2018.11.15-07.45.31:245][  0]LogWindows: DebugString: GetVideoDriverDetailsInvalid PrimaryIsNotTheChoosenAdapter GetVideoDriverDetailsInvalid PrimaryIsNotTheChoosenAdapter GetVideoDriverDetailsInvalid PrimaryIsNotTheChoosenAdapter GetVideoDriverDetailsInvalid PrimaryIsNotTheChoosenAdapter FoundDriverCount:0 
[2018.11.15-07.45.31:245][  0]LogD3D11RHI:     Adapter Name: NVIDIA GeForce GTX 960M
[2018.11.15-07.45.31:245][  0]LogD3D11RHI:   Driver Version: Unknown (internal:Unknown, unified:Unknown)
[2018.11.15-07.45.31:245][  0]LogD3D11RHI:      Driver Date: Unknown
[2018.11.15-07.45.31:245][  0]LogRHI: Texture pool is 1361 MB (70% of 1945 MB)
[2018.11.15-07.45.31:296][  0]LogD3D11RHI: Async texture creation enabled
[2018.11.15-07.45.31:340][  0]LogD3D11RHI: GPU Timing Frequency: 1000.000000 (Debug: 2 2)
[2018.11.15-07.45.31:344][  0]LogShaderCompilers: Guid format shader working directory is -2 characters bigger than the processId version (../../../../Unreal projects/Action_chests/Action-chests/Intermediate/Shaders/WorkingDirectory/19884/).
[2018.11.15-07.45.31:344][  0]LogShaderCompilers: Cleaned the shader compiler working directory 'C:/Users/Paysagedésolé/AppData/Local/Temp/UnrealShaderWorkingDir/969510D54A7985AA47B1E9A3ADE7B5A9/'.
[2018.11.15-07.45.31:344][  0]LogShaderCompilers:Display: Using Local Shader Compiler.
[2018.11.15-07.45.36:439][  0]LogTemp:Display: Loaded TP AllDesktopTargetPlatform
[2018.11.15-07.45.36:706][  0]LogTemp:Display: Loaded TP MacClientTargetPlatform
[2018.11.15-07.45.36:782][  0]LogTemp:Display: Loaded TP MacNoEditorTargetPlatform
[2018.11.15-07.45.36:855][  0]LogTemp:Display: Loaded TP MacServerTargetPlatform
[2018.11.15-07.45.36:989][  0]LogTemp:Display: Loaded TP MacTargetPlatform
[2018.11.15-07.45.37:067][  0]LogTemp:Display: Loaded TP WindowsClientTargetPlatform
[2018.11.15-07.45.37:135][  0]LogTemp:Display: Loaded TP WindowsNoEditorTargetPlatform
[2018.11.15-07.45.37:207][  0]LogTemp:Display: Loaded TP WindowsServerTargetPlatform
[2018.11.15-07.45.37:478][  0]LogTemp:Display: Loaded TP WindowsTargetPlatform
[2018.11.15-07.45.37:592][  0]LogTemp:Display: Loaded TP AndroidTargetPlatform
[2018.11.15-07.45.37:655][  0]LogTemp:Display: Loaded TP Android_ASTCTargetPlatform
[2018.11.15-07.45.37:727][  0]LogTemp:Display: Loaded TP Android_ATCTargetPlatform
[2018.11.15-07.45.37:820][  0]LogTemp:Display: Loaded TP Android_DXTTargetPlatform
[2018.11.15-07.45.37:890][  0]LogTemp:Display: Loaded TP Android_ETC1TargetPlatform
[2018.11.15-07.45.37:954][  0]LogTemp:Display: Loaded TP Android_ETC2TargetPlatform
[2018.11.15-07.45.38:082][  0]LogTemp:Display: Loaded TP Android_MultiTargetPlatform
[2018.11.15-07.45.38:082][  0]LogTemp:Display: Loaded TP Android_PVRTCTargetPlatform
[2018.11.15-07.45.38:132][  0]LogTemp:Display: Loaded TP HTML5TargetPlatform
[2018.11.15-07.45.38:289][  0]LogTemp:Display: Loaded TP IOSTargetPlatform
[2018.11.15-07.45.38:446][  0]LogTemp:Display: Loaded TP TVOSTargetPlatform
[2018.11.15-07.45.38:602][  0]LogTemp:Display: Loaded TP LinuxClientTargetPlatform
[2018.11.15-07.45.38:663][  0]LogTemp:Display: Loaded TP LinuxNoEditorTargetPlatform
[2018.11.15-07.45.38:735][  0]LogTemp:Display: Loaded TP LinuxServerTargetPlatform
[2018.11.15-07.45.38:846][  0]LogTemp:Display: Loaded TP LinuxTargetPlatform
[2018.11.15-07.45.38:846][  0]LogTargetPlatformManager:Display: Building Assets For Windows
[2018.11.15-07.45.40:178][  0]LogDerivedDataCache:Display: Max Cache Size: 512 MB
[2018.11.15-07.45.40:312][  0]LogDerivedDataCache: Loaded boot cache 0.13s 90MB C:/Users/Paysagedésolé/AppData/Local/UnrealEngine/4.16/DerivedDataCache/Boot.ddc.
[2018.11.15-07.45.40:312][  0]LogDerivedDataCache:Display: Loaded Boot cache: C:/Users/Paysagedésolé/AppData/Local/UnrealEngine/4.16/DerivedDataCache/Boot.ddc
[2018.11.15-07.45.40:312][  0]LogDerivedDataCache: FDerivedDataBackendGraph:  Pak pak cache file ../../../../Unreal projects/Action_chests/Action-chests/DerivedDataCache/DDC.ddp not found, will not use a pak cache.
[2018.11.15-07.45.40:312][  0]LogDerivedDataCache: Unable to find inner node Pak for hierarchical cache Hierarchy.
[2018.11.15-07.45.40:312][  0]LogDerivedDataCache: FDerivedDataBackendGraph:  CompressedPak pak cache file ../../../../Unreal projects/Action_chests/Action-chests/DerivedDataCache/Compressed.ddp not found, will not use a pak cache.
[2018.11.15-07.45.40:312][  0]LogDerivedDataCache: Unable to find inner node CompressedPak for hierarchical cache Hierarchy.
[2018.11.15-07.45.40:352][  0]LogDerivedDataCache:Display: Pak cache opened for reading ../../../Engine/DerivedDataCache/Compressed.ddp.
[2018.11.15-07.45.40:365][  0]LogDerivedDataCache: Using Local data cache path C:/Users/Paysagedésolé/AppData/Local/UnrealEngine/Common/DerivedDataCache: Writable
[2018.11.15-07.45.40:379][  0]LogMaterial: Verifying Global Shaders for PCD3D_SM5
[2018.11.15-07.45.40:380][  0]LogSlate: Using Freetype 2.6.0
[2018.11.15-07.45.40:427][  0]LogSlate: SlateFontCache - WITH_FREETYPE: 1, WITH_HARFBUZZ: 1
[2018.11.15-07.45.40:427][  0]LogSlate: SlateFontCache - WITH_FREETYPE: 1, WITH_HARFBUZZ: 1
[2018.11.15-07.45.47:326][  0]LogInit: Selected Device Profile: [Windows]
[2018.11.15-07.45.47:423][  0]LogContentStreaming: Texture pool size is 0.00 MB
[2018.11.15-07.45.47:765][  0]LogMeshUtilities: Using QuadricMeshReduction for automatic static mesh reduction
[2018.11.15-07.45.47:849][  0]LogSimplygon: Simplygon DLL not present - disabling.
[2018.11.15-07.45.47:916][  0]LogMeshUtilities: Using SimplygonSwarm for distributed automatic mesh merging
[2018.11.15-07.45.47:916][  0]LogMeshUtilities: No automatic skeletal mesh reduction module available
[2018.11.15-07.45.47:916][  0]LogMeshUtilities: No automatic mesh merging module available
[2018.11.15-07.45.49:011][  0]LogNetVersion: Action_chests , NetCL: 3452394, EngineNetVer: 2, GameNetVer: 0 (Checksum: 224005753)
[2018.11.15-07.45.49:079][  0]LogAssetRegistry: FAssetRegistry took 0.0280 seconds to start up
[2018.11.15-07.45.49:132][  0]LogPackageLocalizationCache: Processed 4 localized package path(s) for 1 prioritized culture(s) in 0.025886 seconds
[2018.11.15-07.45.49:141][  0]LogUObjectArray: 34194 objects as part of root set at end of initial load.
[2018.11.15-07.45.49:141][  0]LogUObjectAllocator: 7260424 out of 0 bytes used by permanent object pool.
[2018.11.15-07.45.49:141][  0]LogUObjectArray: CloseDisregardForGC: 0/0 objects in disregard for GC pool
[2018.11.15-07.45.49:223][  0]LogInit: WinSock: version 1.1 (2.2), MaxSocks=32767, MaxUdp=65467
[2018.11.15-07.46.08:242][  0]LogTcpMessaging: Initializing TcpMessaging bridge
[2018.11.15-07.46.08:303][  0]LogUdpMessaging: Initializing bridge on interface 0.0.0.0:0 to multicast group 230.0.0.1:6666.
[2018.11.15-07.46.09:771][  0]LogMaterial: Uniform references updated for custom material expression Custom.
[2018.11.15-07.46.10:420][  0]SourceControl: Info Source control is disabled
[2018.11.15-07.46.10:421][  0]SourceControl: Info Source control is disabled
[2018.11.15-07.46.10:849][  0]SourceControl: Info Source control is disabled
[2018.11.15-07.46.10:946][  0]SourceControl: Info Source control is disabled
[2018.11.15-07.46.12:685][  0]LogAndroidPermission: UAndroidPermissionCallbackProxy::GetInstance
[2018.11.15-07.46.14:352][  0]LogEngine: Initializing Engine...
[2018.11.15-07.46.14:353][  0]LogHMD: Failed to initialize OpenVR with code 110
[2018.11.15-07.46.15:005][  0]LogStats: UGameplayTagsManager::ConstructGameplayTagTree: Construct from data asset -  0.000 s
[2018.11.15-07.46.15:005][  0]LogStats: UGameplayTagsManager::ConstructGameplayTagTree: GameplayTagTreeChangedEvent.Broadcast -  0.000 s
[2018.11.15-07.46.15:270][  0]LogAIModule: Creating AISystem for world Untitled
[2018.11.15-07.46.15:320][  0]LogInit: XAudio2 using 'Haut-parleur/Ecouteurs (Realtek High Definition Audio)' : 2 channels at 48 kHz using 32 bits per sample (channel mask 0x3)
[2018.11.15-07.46.15:348][  0]LogInit: FAudioDevice initialized.
[2018.11.15-07.46.15:405][  0]LogDerivedDataCache: Saved boot cache 0.06s 90MB C:/Users/Paysagedésolé/AppData/Local/UnrealEngine/4.16/DerivedDataCache/Boot.ddc.
[2018.11.15-07.46.15:432][  0]LogInit: Texture streaming: Enabled
[2018.11.15-07.46.15:651][  0]LogEngineSessionManager: EngineSessionManager initialized
[2018.11.15-07.46.16:350][  0]LogInit: Transaction tracking system initialized
[2018.11.15-07.46.16:984][  0]BlueprintLog: New page: Editor Load
[2018.11.15-07.46.19:245][  0]LocalizationService: Info Localization service is disabled
[2018.11.15-07.46.21:092][  0]LogConsoleResponse:Display: 
[2018.11.15-07.46.22:138][  0]LogCook:Display: Max memory allowance for cook 16384mb min free memory 0mb
[2018.11.15-07.46.22:138][  0]LogCook:Display: Mobile HDR setting 1
[2018.11.15-07.46.22:668][  0]LogFileCache: Scanning file cache for directory 'D:/Programs/Epic Games/Unreal projects/Action_chests/Action-chests/Content/' took 0.02s
[2018.11.15-07.46.26:282][  0]SourceControl: Info Source control is disabled
[2018.11.15-07.46.26:282][  0]Cmd: MAP LOAD FILE="../../../../Unreal projects/Action_chests/Action-chests/Content/StarterContent/Maps/Minimal_Default.umap" TEMPLATE=0 SHOWPROGRESS=1 FEATURELEVEL=3
[2018.11.15-07.46.26:283][  0]LightingResults: New page: Lighting Build
[2018.11.15-07.46.26:326][  0]MapCheck: New page: Map Check
[2018.11.15-07.46.26:326][  0]LightingResults: New page: Lighting Build
[2018.11.15-07.46.26:868][  0]LogLinker:Warning: Can't find file '/Game/material_sphere'
[2018.11.15-07.46.26:868][  0]LoadErrors: Info Failed to load /Engine/BasicShapes/BasicShapeMaterial.BasicShapeMaterial Referenced by Cube_GEN_VARIABLE
[2018.11.15-07.46.26:868][  0]LogLinker:Warning: Can't find file for asset '/Game/material_sphere' while loading ../../../Engine/Content/BasicShapes/BasicShapeMaterial.uasset.
[2018.11.15-07.46.26:868][  0]LoadErrors: Info Failed to load /Engine/BasicShapes/BasicShapeMaterial.BasicShapeMaterial Referenced by Cube_GEN_VARIABLE
[2018.11.15-07.46.26:868][  0]LoadErrors:Error: Error /Engine/BasicShapes/BasicShapeMaterial : Can't find file for asset. /Game/material_sphere
[2018.11.15-07.46.26:868][  0]LogLinker:Warning: Can't find file '/Game/material_sphere'
[2018.11.15-07.46.26:868][  0]LoadErrors: Info Failed to load /Engine/BasicShapes/BasicShapeMaterial.BasicShapeMaterial Referenced by Cube_GEN_VARIABLE
[2018.11.15-07.46.26:869][  0]LogLinker:Warning: Can't find file for asset '/Game/material_sphere' while loading ../../../Engine/Content/BasicShapes/BasicShapeMaterial.uasset.
[2018.11.15-07.46.26:869][  0]LoadErrors: Info Failed to load /Engine/BasicShapes/BasicShapeMaterial.BasicShapeMaterial Referenced by Cube_GEN_VARIABLE
[2018.11.15-07.46.26:869][  0]LoadErrors:Error: Error /Engine/BasicShapes/BasicShapeMaterial : Can't find file for asset. /Game/material_sphere
[2018.11.15-07.46.26:957][  0]LogLinker:Warning: Can't find file '/Game/material_sphere'
[2018.11.15-07.46.26:957][  0]LoadErrors: Info Failed to load /Game/material_sphere.material_sphere Referenced by MaterialExpressionTextureSample_2
[2018.11.15-07.46.26:958][  0]LogLinker:Warning: Can't find file for asset '/Game/material_sphere' while loading NULL.
[2018.11.15-07.46.26:958][  0]LoadErrors: Info Failed to load /Game/material_sphere.material_sphere Referenced by MaterialExpressionTextureSample_2
[2018.11.15-07.46.27:357][  0]LogMaterial: Missing cached shader map for material BasicShapeMaterial, compiling. 
[2018.11.15-07.46.27:400][  0]LogMaterial:Warning: Failed to compile Material /Engine/BasicShapes/BasicShapeMaterial.BasicShapeMaterial for platform PCD3D_SM5, Default Material will be used in game.
[2018.11.15-07.46.27:400][  0]LogMaterial:Warning: 	(Node TextureSample) Texture Sample> Missing input texture
[2018.11.15-07.46.27:780][  0]LogAIModule: Creating AISystem for world Minimal_Default
[2018.11.15-07.46.27:965][  0]LogEditorServer: Finished looking for orphan Actors (0.000 secs)
[2018.11.15-07.46.27:993][  0]Cmd: MAP CHECKDEP NOCLEARLOG
[2018.11.15-07.46.28:043][  0]MapCheck: Info Map check complete: 0 Error(s), 0 Warning(s), took 48.835ms to complete.
[2018.11.15-07.46.28:043][  0]LogFileHelpers: Loading map 'Minimal_Default' took 1.760
[2018.11.15-07.46.28:625][  0]LogCollectionManager: Loaded 0 collections in 0.001112 seconds
[2018.11.15-07.46.28:752][  0]LogFileCache: Scanning file cache for directory 'D:/Programs/Epic Games/Unreal projects/Action_chests/Action-chests/Saved/Collections/' took 0.01s
[2018.11.15-07.46.28:752][  0]LogFileCache: Scanning file cache for directory 'D:/Programs/Epic Games/Unreal projects/Action_chests/Action-chests/Content/Developers/Paysagedésolé/Collections/' took 0.01s
[2018.11.15-07.46.28:752][  0]LogFileCache: Scanning file cache for directory 'D:/Programs/Epic Games/Unreal projects/Action_chests/Action-chests/Content/Collections/' took 0.01s
[2018.11.15-07.46.28:752][  0]LogCollectionManager: Rebuilt the GUID cache for 0 collections in 0.000002 seconds
[2018.11.15-07.46.28:775][  0]LogContentBrowser: Native class hierarchy populated in 0.0106 seconds. Added 2329 classes and 491 folders.
[2018.11.15-07.46.28:882][  0]LogContentBrowser: Native class hierarchy updated for 'WidgetCarousel' in 0.0008 seconds. Added 0 classes and 0 folders.
[2018.11.15-07.46.30:902][  0]LogContentBrowser: Native class hierarchy updated for 'AddContentDialog' in 0.0006 seconds. Added 0 classes and 0 folders.
[2018.11.15-07.46.30:981][  0]LogContentBrowser: Native class hierarchy updated for 'SceneOutliner' in 0.0005 seconds. Added 1 classes and 2 folders.
[2018.11.15-07.46.31:200][  0]LogCrashTracker: Crashtracker disabled due to settings.
[2018.11.15-07.46.31:277][  0]LogSlate: Took 0.030867 seconds to synchronously load lazily loaded font '../../../Engine/Content/Slate/Fonts/Roboto-Regular.ttf' (155K)
[2018.11.15-07.46.31:317][  0]LogSlate: Took 0.038979 seconds to synchronously load lazily loaded font '../../../Engine/Content/Slate/Fonts/Roboto-Bold.ttf' (160K)
[2018.11.15-07.46.31:341][  0]LogSlate: Took 0.019176 seconds to synchronously load lazily loaded font '../../../Engine/Content/Editor/Slate/Fonts/FontAwesome.ttf' (139K)
[2018.11.15-07.46.31:646][  0]LogRenderer: Reallocating scene render targets to support 964x460 NumSamples 1 (Frame:1).
[2018.11.15-07.46.31:855][  0]LogSlate: Took 0.079227 seconds to synchronously load lazily loaded font '../../../Engine/Content/Slate/Fonts/Roboto-Light.ttf' (159K)
[2018.11.15-07.46.31:982][  0]LogUObjectGlobals:Warning: Failed to find object 'Class None.'
[2018.11.15-07.46.32:081][  0]LogContentBrowser: Native class hierarchy updated for 'HierarchicalLODOutliner' in 0.0006 seconds. Added 1 classes and 2 folders.
[2018.11.15-07.46.32:081][  0]LogLoad: (Engine Initialization) Total time: 73.51 seconds
[2018.11.15-07.46.32:081][  0]LogLoad: (Engine Initialization) Total Blueprint compile time: 0.54 seconds
[2018.11.15-07.46.32:081][  0]LogExternalProfiler: No external profilers were discovered.  External profiling features will not be available.
[2018.11.15-07.46.32:421][  0]LogOcInput: OculusInput pre-init called
[2018.11.15-07.46.32:421][  0]LogHMD: Starting GearVRController plugin
[2018.11.15-07.46.32:446][  0]LogContentStreaming: Texture pool size now 600 MB
[2018.11.15-07.46.32:764][  1]LogAssetRegistry: Asset discovery search completed in 43.7067 seconds
[2018.11.15-07.46.32:766][  1]LogCollectionManager: Rebuilt the object cache for 0 collections in 0.000000 seconds (found 0 objects)
[2018.11.15-07.46.32:766][  1]LogCollectionManager: Fixed up redirectors for 0 collections in 0.000040 seconds (updated 0 objects)
